<?xml version="1.0" encoding="UTF-8"?>
<!-- Generated by org.testng.reporters.JUnitReportReporter -->
<testsuite hostname="DESKTOP-H3LN0IJ" failures="0" tests="2" name="com.pom.qa.testcases.OrderhistoryPageTest" time="81.803" errors="0" timestamp="2023-02-06T19:23:50 CST" skipped="0">
  <testcase classname="com.pom.qa.testcases.OrderhistoryPageTest" name="validateOrderhistorylabelTest" time="46.000"/>
  <system-out/>
  <testcase classname="com.pom.qa.testcases.OrderhistoryPageTest" name="pressbacktohome_btn" time="35.803"/>
  <system-out/>
</testsuite> <!-- com.pom.qa.testcases.OrderhistoryPageTest -->
