<?xml version="1.0" encoding="UTF-8"?>
<!-- Generated by org.testng.reporters.JUnitReportReporter -->
<testsuite hostname="DESKTOP-H3LN0IJ" failures="0" tests="4" name="com.pom.qa.testcases.LoginPageTest" time="129.098" errors="0" timestamp="2023-02-14T20:02:39 CST" skipped="0">
  <testcase classname="com.pom.qa.testcases.LoginPageTest" name="pomImageTest" time="56.317"/>
  <system-out/>
  <testcase classname="com.pom.qa.testcases.LoginPageTest" name="pomTextTest" time="21.997"/>
  <system-out/>
  <testcase classname="com.pom.qa.testcases.LoginPageTest" name="loginTest" time="27.021"/>
  <system-out/>
  <testcase classname="com.pom.qa.testcases.LoginPageTest" name="loginPageTitleTest" time="23.763"/>
  <system-out/>
</testsuite> <!-- com.pom.qa.testcases.LoginPageTest -->
