<?xml version="1.0" encoding="UTF-8"?>
<!-- Generated by org.testng.reporters.JUnitReportReporter -->
<testsuite hostname="DESKTOP-H3LN0IJ" failures="0" tests="2" name="com.pom.qa.testcases.UpdatepasswrdPageTest" time="77.729" errors="0" timestamp="2023-02-10T14:42:07 CST" skipped="0">
  <testcase classname="com.pom.qa.testcases.UpdatepasswrdPageTest" name="updatefieldsTest" time="44.533"/>
  <system-out/>
  <testcase classname="com.pom.qa.testcases.UpdatepasswrdPageTest" name="updatefieldsTest" time="33.196"/>
  <system-out/>
</testsuite> <!-- com.pom.qa.testcases.UpdatepasswrdPageTest -->
