<?xml version="1.0" encoding="UTF-8"?>
<!-- Generated by org.testng.reporters.JUnitReportReporter -->
<testsuite hostname="DESKTOP-H3LN0IJ" failures="0" tests="4" name="com.pom.qa.testcases.LoginPageTest" time="128.807" errors="0" timestamp="2023-02-19T14:44:40 CST" skipped="0">
  <testcase classname="com.pom.qa.testcases.LoginPageTest" name="pomImageTest" time="33.746"/>
  <system-out/>
  <testcase classname="com.pom.qa.testcases.LoginPageTest" name="pomTextTest" time="34.867"/>
  <system-out/>
  <testcase classname="com.pom.qa.testcases.LoginPageTest" name="loginTest" time="29.653"/>
  <system-out/>
  <testcase classname="com.pom.qa.testcases.LoginPageTest" name="loginPageTitleTest" time="30.541"/>
  <system-out/>
</testsuite> <!-- com.pom.qa.testcases.LoginPageTest -->
