<?xml version="1.0" encoding="UTF-8"?>
<!-- Generated by org.testng.reporters.JUnitReportReporter -->
<testsuite hostname="DESKTOP-H3LN0IJ" failures="0" tests="2" name="com.pom.qa.testcases.WishlistPagetest" time="98.444" errors="0" timestamp="2023-02-06T20:13:14 CST" skipped="0">
  <testcase classname="com.pom.qa.testcases.WishlistPagetest" name="validateWishlistlabelTest" time="56.484"/>
  <system-out/>
  <testcase classname="com.pom.qa.testcases.WishlistPagetest" name="pressgotohome_btn" time="41.960"/>
  <system-out/>
</testsuite> <!-- com.pom.qa.testcases.WishlistPagetest -->
