<?xml version="1.0" encoding="UTF-8"?>
<!-- Generated by org.testng.reporters.JUnitReportReporter -->
<testsuite hostname="DESKTOP-H3LN0IJ" failures="0" tests="1" name="com.pom.qa.testcases.ProfilePageTest" time="35.957" errors="0" timestamp="2023-02-10T14:56:03 CST" skipped="0">
  <testcase classname="com.pom.qa.testcases.ProfilePageTest" name="updateprofileTest" time="35.957"/>
  <system-out/>
</testsuite> <!-- com.pom.qa.testcases.ProfilePageTest -->
