<?xml version="1.0" encoding="UTF-8"?>
<!-- Generated by org.testng.reporters.JUnitReportReporter -->
<testsuite hostname="DESKTOP-H3LN0IJ" failures="0" tests="1" name="com.pom.qa.testcases.HomePageTest" time="57.606" errors="0" timestamp="2023-02-09T12:34:17 CST" skipped="0">
  <testcase classname="com.pom.qa.testcases.HomePageTest" name="click_Sealy_Test" time="57.606"/>
  <system-out/>
</testsuite> <!-- com.pom.qa.testcases.HomePageTest -->
