<?xml version="1.0" encoding="UTF-8"?>
<!-- Generated by org.testng.reporters.JUnitReportReporter -->
<testsuite hostname="DESKTOP-H3LN0IJ" failures="0" tests="1" name="com.pom.qa.testcases.AddressesPageTest" time="85.380" errors="0" timestamp="2023-02-13T18:00:10 CST" skipped="0">
  <testcase classname="com.pom.qa.testcases.AddressesPageTest" name="pressaddaddress_btn" time="85.380"/>
  <system-out/>
</testsuite> <!-- com.pom.qa.testcases.AddressesPageTest -->
